<?xml version="1.0" encoding="UTF-8"?>
<!-- Generated by org.testng.reporters.JUnitReportReporter -->
<testsuite hostname="notebook" failures="0" tests="1" name="tests.PackageReminderAppTests" time="41.706" errors="0" timestamp="2020-10-18T16:54:21 CEST" skipped="0">
  <testcase classname="tests.PackageReminderAppTests" name="addReminderTestCheckMyPackages" time="41.706"/>
  <system-out/>
</testsuite> <!-- tests.PackageReminderAppTests -->
