<?xml version="1.0" encoding="UTF-8"?>
<!-- Generated by org.testng.reporters.JUnitReportReporter -->
<testsuite hostname="notebook" failures="0" tests="1" name="tests.BaseClass" time="32.660" errors="0" timestamp="2020-10-17T19:44:19 CEST" skipped="0">
  <testcase classname="tests.BaseClass" name="addReminderTest" time="32.660"/>
  <system-out/>
</testsuite> <!-- tests.BaseClass -->
